<?xml version="1.0" encoding="UTF-8"?>
<!-- Generated by org.testng.reporters.JUnitXMLReporter -->
<testsuite ignored="0" hostname="ARYA" failures="1" tests="1" name="GUI Elements Test" time="28.848" errors="0" timestamp="2026-06-12T00:31:45 IST">
  <testcase classname="testcases.GuiElementsTest" name="verifyGuiElements" time="27.193">
    <failure type="org.openqa.selenium.ElementClickInterceptedException" message="element click intercepted: Element &amp;lt;button class=&amp;quot;submit-btn&amp;quot; onclick=&amp;quot;calculateRange()&amp;quot;&amp;gt;...&amp;lt;/button&amp;gt; is not clickable at point (600, 20). Other element would receive the click: &amp;lt;a class=&amp;quot;ui-state-default&amp;quot; href=&amp;quot;#&amp;quot; aria-current=&amp;quot;false&amp;quot; data-date=&amp;quot;...&amp;quot;&amp;gt;5&amp;lt;/a&amp;gt;
  (Session info: chrome=148.0.7778.217)
Build info: version: &amp;apos;4.35.0&amp;apos;, revision: &amp;apos;1c58e5028b&amp;apos;
System info: os.name: &amp;apos;Windows 11&amp;apos;, os.arch: &amp;apos;amd64&amp;apos;, os.version: &amp;apos;10.0&amp;apos;, java.version: &amp;apos;17.0.19&amp;apos;
Driver info: org.openqa.selenium.chrome.ChromeDriver
Command: [ba14ce42e3b99e065f1b0f817ac4c667, clickElement {id=f.6D98F5916593E38C29084D2FBE8F0AAD.d.0D2FB16EBD075D2EF1358B6436DED934.e.165}]
Capabilities {acceptInsecureCerts: false, browserName: chrome, browserVersion: 148.0.7778.217, chrome: {chromedriverVersion: 148.0.7778.178 (d096af1c9e9..., userDataDir: C:\Users\KIIT\AppData\Local...}, fedcm:accounts: true, goog:chromeOptions: {debuggerAddress: localhost:61248}, goog:processID: 12732, networkConnectionEnabled: false, pageLoadStrategy: normal, platformName: windows, proxy: Proxy(), se:cdp: ws://localhost:61248/devtoo..., se:cdpVersion: 148.0.7778.217, setWindowRect: true, strictFileInteractability: false, timeouts: {implicit: 0, pageLoad: 300000, script: 30000}, unhandledPromptBehavior: dismiss and notify, webauthn:extension:credBlob: true, webauthn:extension:largeBlob: true, webauthn:extension:minPinLength: true, webauthn:extension:prf: true, webauthn:virtualAuthenticators: true}
Element: [[ChromeDriver: chrome on windows (ba14ce42e3b99e065f1b0f817ac4c667)] -&amp;gt; xpath: //button[text()=&amp;apos;Submit&amp;apos;]]
Session ID: ba14ce42e3b99e065f1b0f817ac4c667">
      <![CDATA[org.openqa.selenium.ElementClickInterceptedException: element click intercepted: Element <button class="submit-btn" onclick="calculateRange()">...</button> is not clickable at point (600, 20). Other element would receive the click: <a class="ui-state-default" href="#" aria-current="false" data-date="...">5</a>
  (Session info: chrome=148.0.7778.217)
Build info: version: '4.35.0', revision: '1c58e5028b'
System info: os.name: 'Windows 11', os.arch: 'amd64', os.version: '10.0', java.version: '17.0.19'
Driver info: org.openqa.selenium.chrome.ChromeDriver
Command: [ba14ce42e3b99e065f1b0f817ac4c667, clickElement {id=f.6D98F5916593E38C29084D2FBE8F0AAD.d.0D2FB16EBD075D2EF1358B6436DED934.e.165}]
Capabilities {acceptInsecureCerts: false, browserName: chrome, browserVersion: 148.0.7778.217, chrome: {chromedriverVersion: 148.0.7778.178 (d096af1c9e9..., userDataDir: C:\Users\KIIT\AppData\Local...}, fedcm:accounts: true, goog:chromeOptions: {debuggerAddress: localhost:61248}, goog:processID: 12732, networkConnectionEnabled: false, pageLoadStrategy: normal, platformName: windows, proxy: Proxy(), se:cdp: ws://localhost:61248/devtoo..., se:cdpVersion: 148.0.7778.217, setWindowRect: true, strictFileInteractability: false, timeouts: {implicit: 0, pageLoad: 300000, script: 30000}, unhandledPromptBehavior: dismiss and notify, webauthn:extension:credBlob: true, webauthn:extension:largeBlob: true, webauthn:extension:minPinLength: true, webauthn:extension:prf: true, webauthn:virtualAuthenticators: true}
Element: [[ChromeDriver: chrome on windows (ba14ce42e3b99e065f1b0f817ac4c667)] -> xpath: //button[text()='Submit']]
Session ID: ba14ce42e3b99e065f1b0f817ac4c667
at org.openqa.selenium.remote.ErrorCodec.decode(ErrorCodec.java:167)
at org.openqa.selenium.remote.codec.w3c.W3CHttpResponseCodec.decode(W3CHttpResponseCodec.java:138)
at org.openqa.selenium.remote.codec.w3c.W3CHttpResponseCodec.decode(W3CHttpResponseCodec.java:50)
at org.openqa.selenium.remote.HttpCommandExecutor.execute(HttpCommandExecutor.java:215)
at org.openqa.selenium.remote.service.DriverCommandExecutor.invokeExecute(DriverCommandExecutor.java:216)
at org.openqa.selenium.remote.service.DriverCommandExecutor.execute(DriverCommandExecutor.java:174)
at org.openqa.selenium.remote.RemoteWebDriver.execute(RemoteWebDriver.java:557)
at org.openqa.selenium.remote.RemoteWebElement.execute(RemoteWebElement.java:223)
at org.openqa.selenium.remote.RemoteWebElement.click(RemoteWebElement.java:76)
at pages.GuiDatePickerPage.submitDateRange(GuiDatePickerPage.java:102)
at testcases.GuiElementsTest.verifyGuiElements(GuiElementsTest.java:94)
at java.base/java.util.ArrayList.forEach(ArrayList.java:1511)
... Removed 32 stack frames]]>
    </failure>
  </testcase> <!-- verifyGuiElements -->
</testsuite> <!-- GUI Elements Test -->
