<?xml version="1.0" encoding="UTF-8"?>
<!-- Generated by org.testng.reporters.JUnitXMLReporter -->
<testsuite ignored="0" hostname="ARYA" failures="1" tests="1" name="ParaBank Registration Test" time="13.787" errors="0" timestamp="2026-06-12T12:38:40 IST">
  <testcase classname="testcases.ParaBankRegistrationTest" name="verifyRegistrationAndLogin" time="12.534">
    <failure type="java.lang.AssertionError" message="Login failed - Accounts Overview not found expected [true] but found [false]">
      <![CDATA[java.lang.AssertionError: Login failed - Accounts Overview not found expected [true] but found [false]
at testcases.ParaBankRegistrationTest.verifyRegistrationAndLogin(ParaBankRegistrationTest.java:72)
at java.base/java.util.ArrayList.forEach(ArrayList.java:1596)
... Removed 28 stack frames]]>
    </failure>
  </testcase> <!-- verifyRegistrationAndLogin -->
</testsuite> <!-- ParaBank Registration Test -->
