<?xml version="1.0" encoding="UTF-8"?>
<testng-results ignored="0" total="3" passed="2" failed="1" skipped="0">
  <reporter-output>
  </reporter-output>
  <suite started-at="2026-06-12T00:31:16 IST" name="Capstone Automation Suite" finished-at="2026-06-12T00:32:28 IST" duration-ms="71723">
    <groups>
    </groups>
    <test started-at="2026-06-12T00:31:16 IST" name="GUI Elements Test" finished-at="2026-06-12T00:31:45 IST" duration-ms="28848">
      <class name="testcases.GuiElementsTest">
        <test-method is-config="true" signature="setUp()[pri:0, instance:testcases.GuiElementsTest@49b2a47d]" started-at="2026-06-12T00:31:16 IST" name="setUp" finished-at="2026-06-12T00:31:18 IST" duration-ms="1332" status="PASS">
          <reporter-output>
          </reporter-output>
        </test-method> <!-- setUp -->
        <test-method signature="verifyGuiElements()[pri:0, instance:testcases.GuiElementsTest@49b2a47d]" started-at="2026-06-12T00:31:18 IST" name="verifyGuiElements" finished-at="2026-06-12T00:31:45 IST" duration-ms="27193" status="FAIL">
          <exception class="org.openqa.selenium.ElementClickInterceptedException">
            <message>
              <![CDATA[element click intercepted: Element <button class="submit-btn" onclick="calculateRange()">...</button> is not clickable at point (600, 20). Other element would receive the click: <a class="ui-state-default" href="#" aria-current="false" data-date="...">5</a>
  (Session info: chrome=148.0.7778.217)
Build info: version: '4.35.0', revision: '1c58e5028b'
System info: os.name: 'Windows 11', os.arch: 'amd64', os.version: '10.0', java.version: '17.0.19'
Driver info: org.openqa.selenium.chrome.ChromeDriver
Command: [ba14ce42e3b99e065f1b0f817ac4c667, clickElement {id=f.6D98F5916593E38C29084D2FBE8F0AAD.d.0D2FB16EBD075D2EF1358B6436DED934.e.165}]
Capabilities {acceptInsecureCerts: false, browserName: chrome, browserVersion: 148.0.7778.217, chrome: {chromedriverVersion: 148.0.7778.178 (d096af1c9e9..., userDataDir: C:\Users\KIIT\AppData\Local...}, fedcm:accounts: true, goog:chromeOptions: {debuggerAddress: localhost:61248}, goog:processID: 12732, networkConnectionEnabled: false, pageLoadStrategy: normal, platformName: windows, proxy: Proxy(), se:cdp: ws://localhost:61248/devtoo..., se:cdpVersion: 148.0.7778.217, setWindowRect: true, strictFileInteractability: false, timeouts: {implicit: 0, pageLoad: 300000, script: 30000}, unhandledPromptBehavior: dismiss and notify, webauthn:extension:credBlob: true, webauthn:extension:largeBlob: true, webauthn:extension:minPinLength: true, webauthn:extension:prf: true, webauthn:virtualAuthenticators: true}
Element: [[ChromeDriver: chrome on windows (ba14ce42e3b99e065f1b0f817ac4c667)] -> xpath: //button[text()='Submit']]
Session ID: ba14ce42e3b99e065f1b0f817ac4c667]]>
            </message>
            <full-stacktrace>
              <![CDATA[org.openqa.selenium.ElementClickInterceptedException: element click intercepted: Element <button class="submit-btn" onclick="calculateRange()">...</button> is not clickable at point (600, 20). Other element would receive the click: <a class="ui-state-default" href="#" aria-current="false" data-date="...">5</a>
  (Session info: chrome=148.0.7778.217)
Build info: version: '4.35.0', revision: '1c58e5028b'
System info: os.name: 'Windows 11', os.arch: 'amd64', os.version: '10.0', java.version: '17.0.19'
Driver info: org.openqa.selenium.chrome.ChromeDriver
Command: [ba14ce42e3b99e065f1b0f817ac4c667, clickElement {id=f.6D98F5916593E38C29084D2FBE8F0AAD.d.0D2FB16EBD075D2EF1358B6436DED934.e.165}]
Capabilities {acceptInsecureCerts: false, browserName: chrome, browserVersion: 148.0.7778.217, chrome: {chromedriverVersion: 148.0.7778.178 (d096af1c9e9..., userDataDir: C:\Users\KIIT\AppData\Local...}, fedcm:accounts: true, goog:chromeOptions: {debuggerAddress: localhost:61248}, goog:processID: 12732, networkConnectionEnabled: false, pageLoadStrategy: normal, platformName: windows, proxy: Proxy(), se:cdp: ws://localhost:61248/devtoo..., se:cdpVersion: 148.0.7778.217, setWindowRect: true, strictFileInteractability: false, timeouts: {implicit: 0, pageLoad: 300000, script: 30000}, unhandledPromptBehavior: dismiss and notify, webauthn:extension:credBlob: true, webauthn:extension:largeBlob: true, webauthn:extension:minPinLength: true, webauthn:extension:prf: true, webauthn:virtualAuthenticators: true}
Element: [[ChromeDriver: chrome on windows (ba14ce42e3b99e065f1b0f817ac4c667)] -> xpath: //button[text()='Submit']]
Session ID: ba14ce42e3b99e065f1b0f817ac4c667
at java.base/jdk.internal.reflect.NativeConstructorAccessorImpl.newInstance0(Native Method)
at java.base/jdk.internal.reflect.NativeConstructorAccessorImpl.newInstance(NativeConstructorAccessorImpl.java:77)
at java.base/jdk.internal.reflect.DelegatingConstructorAccessorImpl.newInstance(DelegatingConstructorAccessorImpl.java:45)
at java.base/java.lang.reflect.Constructor.newInstanceWithCaller(Constructor.java:500)
at java.base/java.lang.reflect.Constructor.newInstance(Constructor.java:481)
at org.openqa.selenium.remote.ErrorCodec.decode(ErrorCodec.java:167)
at org.openqa.selenium.remote.codec.w3c.W3CHttpResponseCodec.decode(W3CHttpResponseCodec.java:138)
at org.openqa.selenium.remote.codec.w3c.W3CHttpResponseCodec.decode(W3CHttpResponseCodec.java:50)
at org.openqa.selenium.remote.HttpCommandExecutor.execute(HttpCommandExecutor.java:215)
at org.openqa.selenium.remote.service.DriverCommandExecutor.invokeExecute(DriverCommandExecutor.java:216)
at org.openqa.selenium.remote.service.DriverCommandExecutor.execute(DriverCommandExecutor.java:174)
at org.openqa.selenium.remote.RemoteWebDriver.execute(RemoteWebDriver.java:557)
at org.openqa.selenium.remote.RemoteWebElement.execute(RemoteWebElement.java:223)
at org.openqa.selenium.remote.RemoteWebElement.click(RemoteWebElement.java:76)
at pages.GuiDatePickerPage.submitDateRange(GuiDatePickerPage.java:102)
at testcases.GuiElementsTest.verifyGuiElements(GuiElementsTest.java:94)
at java.base/jdk.internal.reflect.NativeMethodAccessorImpl.invoke0(Native Method)
at java.base/jdk.internal.reflect.NativeMethodAccessorImpl.invoke(NativeMethodAccessorImpl.java:77)
at java.base/jdk.internal.reflect.DelegatingMethodAccessorImpl.invoke(DelegatingMethodAccessorImpl.java:43)
at java.base/java.lang.reflect.Method.invoke(Method.java:569)
at org.testng.internal.invokers.MethodInvocationHelper.invokeMethod(MethodInvocationHelper.java:141)
at org.testng.internal.invokers.TestInvoker.invokeMethod(TestInvoker.java:687)
at org.testng.internal.invokers.TestInvoker.invokeTestMethod(TestInvoker.java:230)
at org.testng.internal.invokers.MethodRunner.runInSequence(MethodRunner.java:63)
at org.testng.internal.invokers.TestInvoker$MethodInvocationAgent.invoke(TestInvoker.java:995)
at org.testng.internal.invokers.TestInvoker.invokeTestMethods(TestInvoker.java:203)
at org.testng.internal.invokers.TestMethodWorker.invokeTestMethods(TestMethodWorker.java:154)
at org.testng.internal.invokers.TestMethodWorker.run(TestMethodWorker.java:134)
at java.base/java.util.ArrayList.forEach(ArrayList.java:1511)
at org.testng.TestRunner.privateRun(TestRunner.java:741)
at org.testng.TestRunner.run(TestRunner.java:616)
at org.testng.SuiteRunner.runTest(SuiteRunner.java:421)
at org.testng.SuiteRunner.runSequentially(SuiteRunner.java:413)
at org.testng.SuiteRunner.privateRun(SuiteRunner.java:373)
at org.testng.SuiteRunner.run(SuiteRunner.java:312)
at org.testng.SuiteRunnerWorker.runSuite(SuiteRunnerWorker.java:52)
at org.testng.SuiteRunnerWorker.run(SuiteRunnerWorker.java:95)
at org.testng.TestNG.runSuitesSequentially(TestNG.java:1274)
at org.testng.TestNG.runSuitesLocally(TestNG.java:1208)
at org.testng.TestNG.runSuites(TestNG.java:1112)
at org.testng.TestNG.run(TestNG.java:1079)
at org.testng.remote.AbstractRemoteTestNG.run(AbstractRemoteTestNG.java:115)
at org.testng.remote.RemoteTestNG.initAndRun(RemoteTestNG.java:293)
at org.testng.remote.RemoteTestNG.main(RemoteTestNG.java:91)
]]>
            </full-stacktrace>
          </exception> <!-- org.openqa.selenium.ElementClickInterceptedException -->
          <reporter-output>
          </reporter-output>
        </test-method> <!-- verifyGuiElements -->
        <test-method is-config="true" signature="tearDown()[pri:0, instance:testcases.GuiElementsTest@49b2a47d]" started-at="2026-06-12T00:31:45 IST" name="tearDown" finished-at="2026-06-12T00:31:45 IST" duration-ms="260" status="PASS">
          <reporter-output>
          </reporter-output>
        </test-method> <!-- tearDown -->
      </class> <!-- testcases.GuiElementsTest -->
    </test> <!-- GUI Elements Test -->
    <test started-at="2026-06-12T00:31:45 IST" name="ParaBank Registration Test" finished-at="2026-06-12T00:32:06 IST" duration-ms="21104">
      <class name="testcases.ParaBankRegistrationTest">
        <test-method is-config="true" signature="setUp()[pri:0, instance:testcases.ParaBankRegistrationTest@389b0789]" started-at="2026-06-12T00:31:45 IST" name="setUp" finished-at="2026-06-12T00:31:46 IST" duration-ms="799" status="PASS">
          <reporter-output>
          </reporter-output>
        </test-method> <!-- setUp -->
        <test-method signature="verifyRegistrationAndLogin()[pri:0, instance:testcases.ParaBankRegistrationTest@389b0789]" started-at="2026-06-12T00:31:46 IST" name="verifyRegistrationAndLogin" finished-at="2026-06-12T00:32:06 IST" duration-ms="20047" status="PASS">
          <reporter-output>
          </reporter-output>
        </test-method> <!-- verifyRegistrationAndLogin -->
        <test-method is-config="true" signature="tearDown()[pri:0, instance:testcases.ParaBankRegistrationTest@389b0789]" started-at="2026-06-12T00:32:06 IST" name="tearDown" finished-at="2026-06-12T00:32:06 IST" duration-ms="251" status="PASS">
          <reporter-output>
          </reporter-output>
        </test-method> <!-- tearDown -->
      </class> <!-- testcases.ParaBankRegistrationTest -->
    </test> <!-- ParaBank Registration Test -->
    <test started-at="2026-06-12T00:32:06 IST" name="BlazeDemo Flight Booking Test" finished-at="2026-06-12T00:32:28 IST" duration-ms="21465">
      <class name="testcases.BlazeDemoTest">
        <test-method is-config="true" signature="setUp()[pri:0, instance:testcases.BlazeDemoTest@c667f46]" started-at="2026-06-12T00:32:06 IST" name="setUp" finished-at="2026-06-12T00:32:07 IST" duration-ms="859" status="PASS">
          <reporter-output>
          </reporter-output>
        </test-method> <!-- setUp -->
        <test-method signature="verifyFlightBooking()[pri:0, instance:testcases.BlazeDemoTest@c667f46]" started-at="2026-06-12T00:32:07 IST" name="verifyFlightBooking" finished-at="2026-06-12T00:32:28 IST" duration-ms="20399" status="PASS">
          <reporter-output>
          </reporter-output>
        </test-method> <!-- verifyFlightBooking -->
        <test-method is-config="true" signature="tearDown()[pri:0, instance:testcases.BlazeDemoTest@c667f46]" started-at="2026-06-12T00:32:28 IST" name="tearDown" finished-at="2026-06-12T00:32:28 IST" duration-ms="204" status="PASS">
          <reporter-output>
          </reporter-output>
        </test-method> <!-- tearDown -->
      </class> <!-- testcases.BlazeDemoTest -->
    </test> <!-- BlazeDemo Flight Booking Test -->
  </suite> <!-- Capstone Automation Suite -->
</testng-results>
