<?xml version="1.0" encoding="UTF-8"?>
<testng-results ignored="0" total="1" passed="1" failed="0" skipped="0">
  <reporter-output>
  </reporter-output>
  <suite started-at="2026-06-12T13:09:02 IST" name="Default suite" finished-at="2026-06-12T13:09:11 IST" duration-ms="8718">
    <groups>
    </groups>
    <test started-at="2026-06-12T13:09:02 IST" name="Default test" finished-at="2026-06-12T13:09:11 IST" duration-ms="8718">
      <class name="testcases.ParaBankRegistrationTest">
        <test-method is-config="true" signature="setUp()[pri:0, instance:testcases.ParaBankRegistrationTest@22555ebf]" started-at="2026-06-12T13:09:02 IST" name="setUp" finished-at="2026-06-12T13:09:04 IST" duration-ms="1872" status="PASS">
          <reporter-output>
          </reporter-output>
        </test-method> <!-- setUp -->
        <test-method signature="verifyRegistrationAndLogin()[pri:0, instance:testcases.ParaBankRegistrationTest@22555ebf]" started-at="2026-06-12T13:09:04 IST" name="verifyRegistrationAndLogin" finished-at="2026-06-12T13:09:10 IST" duration-ms="6654" status="PASS">
          <reporter-output>
          </reporter-output>
        </test-method> <!-- verifyRegistrationAndLogin -->
        <test-method is-config="true" signature="tearDown()[pri:0, instance:testcases.ParaBankRegistrationTest@22555ebf]" started-at="2026-06-12T13:09:10 IST" name="tearDown" finished-at="2026-06-12T13:09:11 IST" duration-ms="157" status="PASS">
          <reporter-output>
          </reporter-output>
        </test-method> <!-- tearDown -->
      </class> <!-- testcases.ParaBankRegistrationTest -->
    </test> <!-- Default test -->
  </suite> <!-- Default suite -->
</testng-results>
